Start testing: Feb 23 08:49 PST
----------------------------------------------------------
1/13 Testing: test_message
1/13 Test: test_message
Command: "/Users/robertblackwell/Projects/marvin++/cmake-build/tests/test_message/test_message"
Directory: /Users/robertblackwell/Projects/marvin++/cmake-build/tests/test_message
"test_message" start time: Feb 23 08:49 PST
Output:
----------------------------------------------------------
/Users/robertblackwell/Projects/marvin++/tests/test_message/test_message_main.cpp
MSG[0x7fa92b500e78]: |REQ|DELETE [] HTTP/1.1Host[]Len[]
DELETE  HTTP/1.1


===============================================================================
All tests passed (61 assertions in 7 test cases)

/Users/robertblackwell/Projects/marvin++/tests/test_message/test_message_main.cpp
<end of output>
Test time =   0.16 sec
----------------------------------------------------------
Test Passed.
"test_message" end time: Feb 23 08:49 PST
"test_message" time elapsed: 00:00:00
----------------------------------------------------------

2/13 Testing: test_headers
2/13 Test: test_headers
Command: "/Users/robertblackwell/Projects/marvin++/cmake-build/tests/test_headers/test_headers"
Directory: /Users/robertblackwell/Projects/marvin++/cmake-build/tests/test_headers
"test_headers" start time: Feb 23 08:49 PST
Output:
----------------------------------------------------------
aaa AAAAA
bb BBBBB
ccc CCCCCC
11 1111111
22 2222222
33 3333333
44 4444444
aaa AAAAA
bb BBBBB
aaa AAAAA
bb BBBBB
ccc CCCCCC
aaa AAAAA
bb BBBBB
ccc CCCCCC
11 1111111
22 2222222
33 3333333
44 4444444
aaa AAAAA
bb BBBBB
ccc CCCCCC
11 1111111
22 2222222
33 3333333
44 4444444
aaa AAAAA
bb BBBBB
aaa AAAAA
bb BBBBB
ccc CCCCCC
aaa AAAAA
bb BBBBB
ccc CCCCCC
11 1111111
22 2222222
33 3333333
44 4444444
aaa AAAAA
bb BBBBB
ccc CCCCCC
11 1111111
22 2222222
33 3333333
44 4444444
aaa AAAAA
bb BBBBB
aaa AAAAA
bb BBBBB
ccc CCCCCC
aaa AAAAA
bb BBBBB
ccc CCCCCC
11 1111111
22 2222222
33 3333333
44 4444444
aaa AAAAA
bb BBBBB
ccc CCCCCC
11 1111111
22 2222222
33 3333333
44 4444444
aaa AAAAA
bb BBBBB
aaa AAAAA
bb BBBBB
ccc CCCCCC
aaa AAAAA
bb BBBBB
ccc CCCCCC
11 1111111
22 2222222
33 3333333
44 4444444
aaa AAAAA
bb BBBBB
ccc CCCCCC
11 1111111
22 2222222
33 3333333
44 4444444
aaa AAAAA
bb BBBBB
aaa AAAAA
bb BBBBB
ccc CCCCCC
aaa AAAAA
bb BBBBB
ccc CCCCCC
11 1111111
22 2222222
33 3333333
44 4444444
aaa AAAAA
bb BBBBB
ccc CCCCCC
11 1111111
22 2222222
33 3333333
44 4444444
aaa AAAAA
bb BBBBB
aaa AAAAA
bb BBBBB
ccc CCCCCC
aaa AAAAA
bb BBBBB
ccc CCCCCC
11 1111111
22 2222222
33 3333333
44 4444444
{"key":"one","value":"headers1"}
{"key":"two","value":"headers2"}
{"key":"three","value":"headers3"}
{"key":"four","value":"headers4"}
[{"key":"one","value":"headers1"},{"key":"two","value":"headers2"},{"key":"three","value":"headers3"},{"key":"four","value":"headers4"}]
k: one v:headers1
k: two v:headers2
k: three v:headers3
k: four v:headers4
done
aaa AAAAA
bb BBBBB
ccc CCCCCC
11 1111111
22 2222222
33 3333333
44 4444444
aaa AAAAA
bb BBBBB
aaa AAAAA
bb BBBBB
ccc CCCCCC
aaa AAAAA
bb BBBBB
ccc CCCCCC
11 1111111
22 2222222
33 3333333
44 4444444
{"key":"one","value":"headers1"}
{"key":"two","value":"headers2"}
{"key":"three","value":"headers3"}
{"key":"four","value":"headers4"}
[{"key":"one","value":"headers1"},{"key":"two","value":"headers2"},{"key":"three","value":"headers3"},{"key":"four","value":"headers4"}]
k: one v:headers1
k: two v:headers2
k: three v:headers3
k: four v:headers4
done
aaa AAAAA
bb BBBBB
ccc CCCCCC
11 1111111
22 2222222
33 3333333
44 4444444
aaa AAAAA
bb BBBBB
aaa AAAAA
bb BBBBB
ccc CCCCCC
aaa AAAAA
bb BBBBB
ccc CCCCCC
11 1111111
22 2222222
33 3333333
44 4444444
[{"key":"one","value":"headers1"},{"key":"two","value":"headers2"},{"key":"three","value":"headers3"},{"key":"four","value":"headers4"}]
done
aaa AAAAA
bb BBBBB
ccc CCCCCC
11 1111111
22 2222222
33 3333333
44 4444444
aaa AAAAA
bb BBBBB
aaa AAAAA
bb BBBBB
ccc CCCCCC
aaa AAAAA
bb BBBBB
ccc CCCCCC
11 1111111
22 2222222
33 3333333
44 4444444
[{"key":"aaa","value":"AAAAA"},{"key":"bb","value":"BBBBB"},{"key":"ccc","value":"CCCCCC"},{"key":"11","value":"1111111"},{"key":"22","value":"2222222"},{"key":"33","value":"3333333"},{"key":"44","value":"4444444"}]
[{"key":"aaa","value":"AAAAA"},{"key":"bb","value":"BBBBB"},{"key":"ccc","value":"CCCCCC"},{"key":"11","value":"1111111"},{"key":"22","value":"2222222"},{"key":"33","value":"3333333"},{"key":"44","value":"4444444"}]
===============================================================================
All tests passed (26 assertions in 1 test case)

<end of output>
Test time =   0.12 sec
----------------------------------------------------------
Test Passed.
"test_headers" end time: Feb 23 08:49 PST
"test_headers" time elapsed: 00:00:00
----------------------------------------------------------

3/13 Testing: test_message_parser
3/13 Test: test_message_parser
Command: "/Users/robertblackwell/Projects/marvin++/cmake-build/tests/test_message_parser/test_message_parser"
Directory: /Users/robertblackwell/Projects/marvin++/cmake-build/tests/test_message_parser
"test_message_parser" start time: Feb 23 08:49 PST
Output:
----------------------------------------------------------
nparsed: 33len: 33
nparsed: 13len: 13
nparsed: 24len: 24
nparsed: 30len: 30
nparsed: 22len: 22
nparsed: 10len: 10
nparsed: 33len: 33
nparsed: 13len: 13
nparsed: 24len: 24
nparsed: 30len: 30
nparsed: 20len: 20
nparsed: 2len: 2
nparsed: 11len: 11
good chunked message
===============================================================================
All tests passed (66 assertions in 3 test cases)

<end of output>
Test time =   0.14 sec
----------------------------------------------------------
Test Passed.
"test_message_parser" end time: Feb 23 08:49 PST
"test_message_parser" time elapsed: 00:00:00
----------------------------------------------------------

4/13 Testing: test_buffers
4/13 Test: test_buffers
Command: "/Users/robertblackwell/Projects/marvin++/cmake-build/tests/test_buffers/test_buffers"
Directory: /Users/robertblackwell/Projects/marvin++/cmake-build/tests/test_buffers
"test_buffers" start time: Feb 23 08:49 PST
Output:
----------------------------------------------------------




===============================================================================
All tests passed (5 assertions in 3 test cases)

<end of output>
Test time =   0.13 sec
----------------------------------------------------------
Test Passed.
"test_buffers" end time: Feb 23 08:49 PST
"test_buffers" time elapsed: 00:00:00
----------------------------------------------------------

5/13 Testing: test_connect
5/13 Test: test_connect
Command: "/Users/robertblackwell/Projects/marvin++/cmake-build/tests/test_connect/test_connect"
Directory: /Users/robertblackwell/Projects/marvin++/cmake-build/tests/test_connect
"test_connect" start time: Feb 23 08:49 PST
Output:
----------------------------------------------------------
connect
===============================================================================
All tests passed (3 assertions in 3 test cases)

connect
<end of output>
Test time =   0.66 sec
----------------------------------------------------------
Test Passed.
"test_connect" end time: Feb 23 08:49 PST
"test_connect" time elapsed: 00:00:00
----------------------------------------------------------

6/13 Testing: test_client_request_pipeline
6/13 Test: test_client_request_pipeline
Command: "/Users/robertblackwell/Projects/marvin++/cmake-build/tests/test_client_request/test_client_request_pipeline"
Directory: /Users/robertblackwell/Projects/marvin++/cmake-build/tests/test_client_request
"test_client_request_pipeline" start time: Feb 23 08:49 PST
Output:
----------------------------------------------------------
Successful message pipeline counter: 0 max_counter: 5 http status: OK err: success
Successful message pipeline counter: 1 max_counter: 5 http status: OK err: success
Successful message pipeline counter: 2 max_counter: 5 http status: OK err: success
Successful message pipeline counter: 3 max_counter: 5 http status: OK err: success
Successful message pipeline counter: 4 max_counter: 5 http status: OK err: success
Error : End of file this is probably OK - the server should close the connection after the last response
===============================================================================
All tests passed (5 assertions in 1 test case)

<end of output>
Test time =   0.86 sec
----------------------------------------------------------
Test Passed.
"test_client_request_pipeline" end time: Feb 23 08:49 PST
"test_client_request_pipeline" time elapsed: 00:00:00
----------------------------------------------------------

7/13 Testing: test_client_request_roundtrip
7/13 Test: test_client_request_roundtrip
Command: "/Users/robertblackwell/Projects/marvin++/cmake-build/tests/test_client_request/test_client_request_roundtrip"
Directory: /Users/robertblackwell/Projects/marvin++/cmake-build/tests/test_client_request
"test_client_request_roundtrip" start time: Feb 23 08:49 PST
Output:
----------------------------------------------------------
Request URL : https://www.ssllabs.com StatusCode: 302
Return from io 
Request URL : https://paypal.com/ StatusCode: 302
request Error 0 success
request 0x7fc480807850
===============================================================================
All tests passed (5 assertions in 3 test cases)

<end of output>
Test time =   0.55 sec
----------------------------------------------------------
Test Passed.
"test_client_request_roundtrip" end time: Feb 23 08:49 PST
"test_client_request_roundtrip" time elapsed: 00:00:00
----------------------------------------------------------

8/13 Testing: test_client_request_multiple
8/13 Test: test_client_request_multiple
Command: "/Users/robertblackwell/Projects/marvin++/cmake-build/tests/test_client_request/test_client_request_multiple"
Directory: /Users/robertblackwell/Projects/marvin++/cmake-build/tests/test_client_request
"test_client_request_multiple" start time: Feb 23 08:49 PST
Output:
----------------------------------------------------------
===============================================================================
All tests passed (8 assertions in 1 test case)

<end of output>
Test time =   0.56 sec
----------------------------------------------------------
Test Passed.
"test_client_request_multiple" end time: Feb 23 08:49 PST
"test_client_request_multiple" time elapsed: 00:00:00
----------------------------------------------------------

9/13 Testing: test_timeout
9/13 Test: test_timeout
Command: "/Users/robertblackwell/Projects/marvin++/cmake-build/tests/test_timeout/test_timeout"
Directory: /Users/robertblackwell/Projects/marvin++/cmake-build/tests/test_timeout
"test_timeout" start time: Feb 23 08:49 PST
Output:
----------------------------------------------------------
Timeout
Timeout_success
~AsyncObject
===============================================================================
All tests passed (1 assertion in 1 test case)

Timeout
<end of output>
Test time =   1.14 sec
----------------------------------------------------------
Test Passed.
"test_timeout" end time: Feb 23 08:49 PST
"test_timeout" time elapsed: 00:00:01
----------------------------------------------------------

10/13 Testing: test_reader_mock
10/13 Test: test_reader_mock
Command: "/Users/robertblackwell/Projects/marvin++/cmake-build/tests/reader_test/test_reader_mock"
Directory: /Users/robertblackwell/Projects/marvin++/cmake-build/tests/reader_test
"test_reader_mock" start time: Feb 23 08:49 PST
Output:
----------------------------------------------------------
/Users/robertblackwell/Projects/marvin++/tests/reader_test/reader_main.cpp
START /Users/robertblackwell/Projects/marvin++/tests/reader_test/reader_main.cpp[51]
HOST ahost
CONNECTION keep-alive
PROXY-CONNECTION keep-alive
CONTENT-LENGTH 11
CONNECTION keep-alive
PROXY-CONNECTION keep-alive
CONTENT-LENGTH 11
HOST ahost
CONNECTION keep-alive
PROXY-CONNECTION keep-alive
CONTENT-LENGTH 10
HOST ahost
CONNECTION keep-alive
PROXY-CONNECTION keep-alive
CONTENT-LENGTH 10
HOST ahost
CONNECTION keep-alive
PROXY-CONNECTION keep-alive
TRANSFER-ENCODING chunked
HOST ahost
CONNECTION keep-alive
PROXY-CONNECTION keep-alive
TRANSFER-ENCODING chunked
HOST ahost
CONNECTION keep-alive
PROXY-CONNECTION keep-alive
TRANSFER-ENCODING chunked
HOST ahost
CONNECTION keep-alive
PROXY-CONNECTION keep-alive
TRANSFER-ENCODING chunked
END /Users/robertblackwell/Projects/marvin++/tests/reader_test/reader_main.cpp[53]
START /Users/robertblackwell/Projects/marvin++/tests/reader_test/reader_main.cpp[57]
HOST ahost
CONNECTION keep-alive
PROXY-CONNECTION keep-alive
HOST ahost
CONNECTION keep-alive
PROXY-CONNECTION keep-alive
HOST ahost
CONNECTION keep-alive
PROXY-CONNECTION keep-alive
END /Users/robertblackwell/Projects/marvin++/tests/reader_test/reader_main.cpp[59]
START /Users/robertblackwell/Projects/marvin++/tests/reader_test/reader_main.cpp[63]
CONNECTION keep-alive , TE, somethingelse
HOST ahost
PROXY-CONNECTION keep-alive
END /Users/robertblackwell/Projects/marvin++/tests/reader_test/reader_main.cpp[65]
START /Users/robertblackwell/Projects/marvin++/tests/reader_test/reader_main.cpp[69]
HOST ahost
CONNECTION keep-alive
PROXY-CONNECTION keep-alive
CONTENT-LENGTH 11
CONNECTION keep-alive
PROXY-CONNECTION keep-alive
CONTENT-LENGTH 11
HOST ahost
CONNECTION keep-alive
PROXY-CONNECTION keep-alive
CONTENT-LENGTH 10
HOST ahost
CONNECTION keep-alive
PROXY-CONNECTION keep-alive
CONTENT-LENGTH 10
HOST ahost
CONNECTION keep-alive
PROXY-CONNECTION keep-alive
TRANSFER-ENCODING chunked
HOST ahost
CONNECTION keep-alive
PROXY-CONNECTION keep-alive
TRANSFER-ENCODING chunked
HOST ahost
CONNECTION keep-alive
PROXY-CONNECTION keep-alive
TRANSFER-ENCODING chunked
HOST ahost
CONNECTION keep-alive
PROXY-CONNECTION keep-alive
TRANSFER-ENCODING chunked
END /Users/robertblackwell/Projects/marvin++/tests/reader_test/reader_main.cpp[71]
START /Users/robertblackwell/Projects/marvin++/tests/reader_test/reader_main.cpp[109]
HOST ahost
CONNECTION keep-alive
PROXY-CONNECTION keep-alive
CONTENT-LENGTH 11
CONNECTION keep-alive
PROXY-CONNECTION keep-alive
CONTENT-LENGTH 11
HOST ahost
CONNECTION keep-alive
PROXY-CONNECTION keep-alive
CONTENT-LENGTH 10
HOST ahost
CONNECTION keep-alive
PROXY-CONNECTION keep-alive
CONTENT-LENGTH 10
HOST ahost
CONNECTION keep-alive
PROXY-CONNECTION keep-alive
TRANSFER-ENCODING chunked
HOST ahost
CONNECTION keep-alive
PROXY-CONNECTION keep-alive
TRANSFER-ENCODING chunked
HOST ahost
CONNECTION keep-alive
PROXY-CONNECTION keep-alive
TRANSFER-ENCODING chunked
HOST ahost
CONNECTION keep-alive
PROXY-CONNECTION keep-alive
TRANSFER-ENCODING chunked
all buffers have been sent
after io run
all buffers have been sent
after io run
all buffers have been sent
after io run
all buffers have been sent
after io run
all buffers have been sent
after io run
all buffers have been sent
after io run
all buffers have been sent
after io run
all buffers have been sent
after io run
END /Users/robertblackwell/Projects/marvin++/tests/reader_test/reader_main.cpp[111]
START /Users/robertblackwell/Projects/marvin++/tests/reader_test/reader_main.cpp[115]
HOST ahost
CONNECTION keep-alive
PROXY-CONNECTION keep-alive
HOST ahost
CONNECTION keep-alive
PROXY-CONNECTION keep-alive
HOST ahost
CONNECTION keep-alive
PROXY-CONNECTION keep-alive
after io run
after io run
after io run
END /Users/robertblackwell/Projects/marvin++/tests/reader_test/reader_main.cpp[117]
START /Users/robertblackwell/Projects/marvin++/tests/reader_test/reader_main.cpp[121]
CONNECTION keep-alive , TE, somethingelse
HOST ahost
PROXY-CONNECTION keep-alive
after io run
END /Users/robertblackwell/Projects/marvin++/tests/reader_test/reader_main.cpp[123]
===============================================================================
All tests passed (120 assertions in 7 test cases)

/Users/robertblackwell/Projects/marvin++/tests/reader_test/reader_main.cpp
<end of output>
Test time =   3.36 sec
----------------------------------------------------------
Test Passed.
"test_reader_mock" end time: Feb 23 08:49 PST
"test_reader_mock" time elapsed: 00:00:03
----------------------------------------------------------

11/13 Testing: test_server_client_bb
11/13 Test: test_server_client_bb
Command: "/Users/robertblackwell/Projects/marvin++/cmake-build/tests/test_server_client/test_server_client_bb"
Directory: /Users/robertblackwell/Projects/marvin++/cmake-build/tests/test_server_client
"test_server_client_bb" start time: Feb 23 08:49 PST
Output:
----------------------------------------------------------
/Users/robertblackwell/Projects/marvin++/tests/test_server_client/bb_main.cpp
HOST ahost
CONNECTION close
PROXY-CONNECTION close
HOST ahost
CONNECTION close
PROXY-CONNECTION close
CONTENT-LENGTH 11
CONNECTION close
PROXY-CONNECTION close
CONTENT-LENGTH 11
HOST ahost
CONNECTION close
PROXY-CONNECTION close
CONTENT-LENGTH 10
HOST ahost
CONNECTION close
PROXY-CONNECTION close
CONTENT-LENGTH 10
HOST ahost
CONNECTION close
PROXY-CONNECTION close
TRANSFER-ENCODING chunked
HOST ahost
CONNECTION close
PROXY-CONNECTION close
TRANSFER-ENCODING chunked
HOST ahost
CONNECTION close
PROXY-CONNECTION close
TRANSFER-ENCODING chunked
HOST ahost
CONNECTION close
PROXY-CONNECTION close
TRANSFER-ENCODING chunked
HOST ahost
CONNECTION close
PROXY-CONNECTION close
CONTENT-LENGTH 11
CONNECTION close
PROXY-CONNECTION close
CONTENT-LENGTH 11
HOST ahost
CONNECTION close
PROXY-CONNECTION close
CONTENT-LENGTH 10
HOST ahost
CONNECTION close
PROXY-CONNECTION close
CONTENT-LENGTH 10
HOST ahost
CONNECTION close
PROXY-CONNECTION close
TRANSFER-ENCODING chunked
HOST ahost
CONNECTION close
PROXY-CONNECTION close
TRANSFER-ENCODING chunked
HOST ahost
CONNECTION close
PROXY-CONNECTION close
TRANSFER-ENCODING chunked
HOST ahost
CONNECTION close
PROXY-CONNECTION close
TRANSFER-ENCODING chunked
HOST ahost
CONNECTION close
PROXY-CONNECTION close
CONTENT-LENGTH 11
CONNECTION close
PROXY-CONNECTION close
CONTENT-LENGTH 11
HOST ahost
CONNECTION close
PROXY-CONNECTION close
CONTENT-LENGTH 10
HOST ahost
CONNECTION close
PROXY-CONNECTION close
CONTENT-LENGTH 10
HOST ahost
CONNECTION close
PROXY-CONNECTION close
TRANSFER-ENCODING chunked
HOST ahost
CONNECTION close
PROXY-CONNECTION close
TRANSFER-ENCODING chunked
HOST ahost
CONNECTION close
PROXY-CONNECTION close
TRANSFER-ENCODING chunked
HOST ahost
CONNECTION close
PROXY-CONNECTION close
TRANSFER-ENCODING chunked
HOST ahost
CONNECTION close
PROXY-CONNECTION close
CONTENT-LENGTH 11
CONNECTION close
PROXY-CONNECTION close
CONTENT-LENGTH 11
HOST ahost
CONNECTION close
PROXY-CONNECTION close
CONTENT-LENGTH 10
HOST ahost
CONNECTION close
PROXY-CONNECTION close
CONTENT-LENGTH 10
HOST ahost
CONNECTION close
PROXY-CONNECTION close
TRANSFER-ENCODING chunked
HOST ahost
CONNECTION close
PROXY-CONNECTION close
TRANSFER-ENCODING chunked
HOST ahost
CONNECTION close
PROXY-CONNECTION close
TRANSFER-ENCODING chunked
HOST ahost
CONNECTION close
PROXY-CONNECTION close
TRANSFER-ENCODING chunked
===============================================================================
All tests passed (55 assertions in 4 test cases)

/Users/robertblackwell/Projects/marvin++/tests/test_server_client/bb_main.cpp
<end of output>
Test time =   3.17 sec
----------------------------------------------------------
Test Passed.
"test_server_client_bb" end time: Feb 23 08:49 PST
"test_server_client_bb" time elapsed: 00:00:03
----------------------------------------------------------

12/13 Testing: test_server_client_bf
12/13 Test: test_server_client_bf
Command: "/Users/robertblackwell/Projects/marvin++/cmake-build/tests/test_server_client/test_server_client_bf"
Directory: /Users/robertblackwell/Projects/marvin++/cmake-build/tests/test_server_client
"test_server_client_bf" start time: Feb 23 08:49 PST
Output:
----------------------------------------------------------
/Users/robertblackwell/Projects/marvin++/tests/test_server_client/bf_main.cpp
===============================================================================
All tests passed (27 assertions in 4 test cases)

/Users/robertblackwell/Projects/marvin++/tests/test_server_client/bf_main.cpp
<end of output>
Test time =   2.16 sec
----------------------------------------------------------
Test Passed.
"test_server_client_bf" end time: Feb 23 08:49 PST
"test_server_client_bf" time elapsed: 00:00:02
----------------------------------------------------------

13/13 Testing: test_proxy
13/13 Test: test_proxy
Command: "/Users/robertblackwell/Projects/marvin++/cmake-build/tests/test_proxy/test_proxy"
Directory: /Users/robertblackwell/Projects/marvin++/cmake-build/tests/test_proxy
"test_proxy" start time: Feb 23 08:49 PST
Output:
----------------------------------------------------------
WARN|pipe_collector.cpp[3836:0x7000044e9000]::testPipeReaderExists[47]: non-blocking open for write with no readers failed
libc++abi.dylib: terminating with uncaught exception of type char const*
/Users/robertblackwell/Projects/marvin++/tests/test_proxy/tp_main.cpp
<end of output>
Test time =   0.01 sec
----------------------------------------------------------
Test Failed.
"test_proxy" end time: Feb 23 08:49 PST
"test_proxy" time elapsed: 00:00:00
----------------------------------------------------------

End testing: Feb 23 08:49 PST
